#
# There is insufficient memory for the Java Runtime Environment to continue.
# Native memory allocation (malloc) failed to allocate 32744 bytes for ChunkPool::allocate
# Possible reasons:
#   The system is out of physical RAM or swap space
#   In 32 bit mode, the process size limit was hit
# Possible solutions:
#   Reduce memory load on the system
#   Increase physical memory or swap space
#   Check if swap backing store is full
#   Use 64 bit Java on a 64 bit OS
#   Decrease Java heap size (-Xmx/-Xms)
#   Decrease number of Java threads
#   Decrease Java thread stack sizes (-Xss)
#   Set larger code cache with -XX:ReservedCodeCacheSize=
# This output file may be truncated or incomplete.
#
#  Out of Memory Error (allocation.cpp:273), pid=2668, tid=4036
#
# JRE version: Java(TM) SE Runtime Environment (8.0_73-b02) (build 1.8.0_73-b02)
# Java VM: Java HotSpot(TM) 64-Bit Server VM (25.73-b02 mixed mode windows-amd64 compressed oops)
# Failed to write core dump. Minidumps are not enabled by default on client versions of Windows
#

---------------  T H R E A D  ---------------

Current thread (0x0000000052ca2800):  JavaThread "C2 CompilerThread0" daemon [_thread_in_native, id=4036, stack(0x0000000053800000,0x0000000053900000)]

Stack: [0x0000000053800000,0x0000000053900000]
[error occurred during error reporting (printing stack bounds), id 0xc0000005]

Native frames: (J=compiled Java code, j=interpreted, Vv=VM code, C=native code)


Current CompileTask:
C2: 474310 3950       4       sun.java2d.loops.Blit::getFromCache (132 bytes)


---------------  P R O C E S S  ---------------

Java Threads: ( => current thread )
  0x00000000546fa000 JavaThread "TimerQueue" daemon [_thread_blocked, id=3540, stack(0x0000000054fd0000,0x00000000550d0000)]
  0x0000000002064800 JavaThread "DestroyJavaVM" [_thread_blocked, id=3444, stack(0x00000000021b0000,0x00000000022b0000)]
  0x00000000560e4800 JavaThread "Thread-3" [_thread_in_Java, id=248, stack(0x0000000057930000,0x0000000057a30000)]
  0x0000000055eab800 JavaThread "MySQL Statement Cancellation Timer" daemon [_thread_blocked, id=3528, stack(0x0000000057a80000,0x0000000057b80000)]
  0x00000000541c6000 JavaThread "AWT-EventQueue-0" [_thread_blocked, id=4008, stack(0x0000000055560000,0x0000000055660000)]
  0x00000000540ee800 JavaThread "AWT-Windows" daemon [_thread_in_native, id=3828, stack(0x00000000536c0000,0x00000000537c0000)]
  0x00000000540ed800 JavaThread "AWT-Shutdown" [_thread_blocked, id=3932, stack(0x0000000054b40000,0x0000000054c40000)]
  0x00000000540eb000 JavaThread "Java2D Disposer" daemon [_thread_blocked, id=3904, stack(0x0000000054980000,0x0000000054a80000)]
  0x0000000052cbb800 JavaThread "Service Thread" daemon [_thread_blocked, id=2388, stack(0x0000000053a30000,0x0000000053b30000)]
  0x0000000052ca7000 JavaThread "C1 CompilerThread1" daemon [_thread_in_native, id=3004, stack(0x0000000053930000,0x0000000053a30000)]
=>0x0000000052ca2800 JavaThread "C2 CompilerThread0" daemon [_thread_in_native, id=4036, stack(0x0000000053800000,0x0000000053900000)]
  0x0000000052ca1000 JavaThread "Attach Listener" daemon [_thread_blocked, id=2228, stack(0x0000000053520000,0x0000000053620000)]
  0x0000000052caf800 JavaThread "Signal Dispatcher" daemon [_thread_blocked, id=3720, stack(0x0000000053400000,0x0000000053500000)]
  0x0000000052c40000 JavaThread "Finalizer" daemon [_thread_blocked, id=3264, stack(0x0000000053220000,0x0000000053320000)]
  0x0000000052c3e800 JavaThread "Reference Handler" daemon [_thread_blocked, id=756, stack(0x0000000053030000,0x0000000053130000)]

Other Threads:
  0x0000000052c38000 VMThread [stack: 0x0000000052e80000,0x0000000052f80000] [id=2004]
  0x0000000052cc1000 WatcherThread [stack: 0x0000000053ba0000,0x0000000053ca0000] [id=1836]

VM state:not at safepoint (normal execution)

VM Mutex/Monitor currently owned by a thread: None

Heap:
 def new generation   total 8576K, used 7921K [0x00000000e8000000, 0x00000000e8940000, 0x00000000f0000000)
  eden space 7680K,  94% used [0x00000000e8000000, 0x00000000e870eb90, 0x00000000e8780000)
  from space 896K,  77% used [0x00000000e8860000, 0x00000000e890d870, 0x00000000e8940000)
  to   space 896K,   0% used [0x00000000e8780000, 0x00000000e8780000, 0x00000000e8860000)
 tenured generation   total 18816K, used 14499K [0x00000000f0000000, 0x00000000f1260000, 0x0000000100000000)
   the space 18816K,  77% used [0x00000000f0000000, 0x00000000f0e28c70, 0x00000000f0e28e00, 0x00000000f1260000)
 Metaspace       used 32015K, capacity 32352K, committed 32768K, reserved 1077248K
  class space    used 3924K, capacity 4000K, committed 4096K, reserved 1048576K

Card table byte_map: [0x0000000002570000,0x0000000002640000] byte_map_base: 0x0000000001e30000

Polling page: 0x0000000000330000

CodeCache: size=245760Kb used=11294Kb max_used=11336Kb free=234465Kb
 bounds [0x0000000002a20000, 0x0000000003550000, 0x0000000011a20000]
 total_blobs=4246 nmethods=3634 adapters=520
 compilation: enabled

Compilation events (10 events):
Event: 319.391 Thread 0x0000000052ca2800 3946       4       java.util.Locale::hashCode (41 bytes)
Event: 319.392 Thread 0x0000000052ca2800 nmethod 3946 0x000000000311b890 code [0x000000000311b9e0, 0x000000000311baa8]
Event: 328.390 Thread 0x0000000052ca7000 3947       3       java.util.GregorianCalendar::isLeapYear (127 bytes)
Event: 328.391 Thread 0x0000000052ca7000 nmethod 3947 0x000000000311df10 code [0x000000000311e0a0, 0x000000000311e6e8]
Event: 331.391 Thread 0x0000000052ca2800 3948       4       javax.swing.JComponent::reshape (10 bytes)
Event: 332.128 Thread 0x0000000052ca2800 nmethod 3948 0x000000000352e4d0 code [0x000000000352ec80, 0x00000000035371d8]
Event: 332.129 Thread 0x0000000052ca2800 3949  s    4       sun.java2d.loops.RenderCache::get (100 bytes)
Event: 332.135 Thread 0x0000000052ca2800 nmethod 3949 0x000000000311bfd0 code [0x000000000311c120, 0x000000000311c798]
Event: 337.996 Thread 0x0000000052ca2800 3950       4       sun.java2d.loops.Blit::getFromCache (132 bytes)
Event: 345.612 Thread 0x0000000052ca7000 3951       1       sun.font.FontDesignMetrics::getAscent (10 bytes)

GC Heap History (10 events):
Event: 4.286 GC heap before
{Heap before GC invocations=18 (full 2):
 def new generation   total 8576K, used 8576K [0x00000000e8000000, 0x00000000e8940000, 0x00000000f0000000)
  eden space 7680K, 100% used [0x00000000e8000000, 0x00000000e8780000, 0x00000000e8780000)
  from space 896K, 100% used [0x00000000e8780000, 0x00000000e8860000, 0x00000000e8860000)
  to   space 896K,   0% used [0x00000000e8860000, 0x00000000e8860000, 0x00000000e8940000)
 tenured generation   total 18816K, used 18555K [0x00000000f0000000, 0x00000000f1260000, 0x0000000100000000)
   the space 18816K,  98% used [0x00000000f0000000, 0x00000000f121ed58, 0x00000000f121ee00, 0x00000000f1260000)
 Metaspace       used 28369K, capacity 28666K, committed 28800K, reserved 1075200K
  class space    used 3594K, capacity 3701K, committed 3712K, reserved 1048576K
Event: 4.371 GC heap after
Heap after GC invocations=19 (full 3):
 def new generation   total 8576K, used 0K [0x00000000e8000000, 0x00000000e8940000, 0x00000000f0000000)
  eden space 7680K,   0% used [0x00000000e8000000, 0x00000000e8000000, 0x00000000e8780000)
  from space 896K,   0% used [0x00000000e8860000, 0x00000000e8860000, 0x00000000e8940000)
  to   space 896K,   0% used [0x00000000e8780000, 0x00000000e8780000, 0x00000000e8860000)
 tenured generation   total 18816K, used 10000K [0x00000000f0000000, 0x00000000f1260000, 0x0000000100000000)
   the space 18816K,  53% used [0x00000000f0000000, 0x00000000f09c4348, 0x00000000f09c4400, 0x00000000f1260000)
 Metaspace       used 28369K, capacity 28666K, committed 28800K, reserved 1075200K
  class space    used 3594K, capacity 3701K, committed 3712K, reserved 1048576K
}
Event: 6.171 GC heap before
{Heap before GC invocations=19 (full 3):
 def new generation   total 8576K, used 7680K [0x00000000e8000000, 0x00000000e8940000, 0x00000000f0000000)
  eden space 7680K, 100% used [0x00000000e8000000, 0x00000000e8780000, 0x00000000e8780000)
  from space 896K,   0% used [0x00000000e8860000, 0x00000000e8860000, 0x00000000e8940000)
  to   space 896K,   0% used [0x00000000e8780000, 0x00000000e8780000, 0x00000000e8860000)
 tenured generation   total 18816K, used 10000K [0x00000000f0000000, 0x00000000f1260000, 0x0000000100000000)
   the space 18816K,  53% used [0x00000000f0000000, 0x00000000f09c4348, 0x00000000f09c4400, 0x00000000f1260000)
 Metaspace       used 29507K, capacity 29816K, committed 30080K, reserved 1075200K
  class space    used 3757K, capacity 3866K, committed 3968K, reserved 1048576K
Event: 6.175 GC heap after
Heap after GC invocations=20 (full 3):
 def new generation   total 8576K, used 896K [0x00000000e8000000, 0x00000000e8940000, 0x00000000f0000000)
  eden space 7680K,   0% used [0x00000000e8000000, 0x00000000e8000000, 0x00000000e8780000)
  from space 896K, 100% used [0x00000000e8780000, 0x00000000e8860000, 0x00000000e8860000)
  to   space 896K,   0% used [0x00000000e8860000, 0x00000000e8860000, 0x00000000e8940000)
 tenured generation   total 18816K, used 10020K [0x00000000f0000000, 0x00000000f1260000, 0x0000000100000000)
   the space 18816K,  53% used [0x00000000f0000000, 0x00000000f09c9308, 0x00000000f09c9400, 0x00000000f1260000)
 Metaspace       used 29507K, capacity 29816K, committed 30080K, reserved 1075200K
  class space    used 3757K, capacity 3866K, committed 3968K, reserved 1048576K
}
Event: 18.951 GC heap before
{Heap before GC invocations=20 (full 3):
 def new generation   total 8576K, used 8576K [0x00000000e8000000, 0x00000000e8940000, 0x00000000f0000000)
  eden space 7680K, 100% used [0x00000000e8000000, 0x00000000e8780000, 0x00000000e8780000)
  from space 896K, 100% used [0x00000000e8780000, 0x00000000e8860000, 0x00000000e8860000)
  to   space 896K,   0% used [0x00000000e8860000, 0x00000000e8860000, 0x00000000e8940000)
 tenured generation   total 18816K, used 10020K [0x00000000f0000000, 0x00000000f1260000, 0x0000000100000000)
   the space 18816K,  53% used [0x00000000f0000000, 0x00000000f09c9308, 0x00000000f09c9400, 0x00000000f1260000)
 Metaspace       used 30468K, capacity 30804K, committed 31104K, reserved 1077248K
  class space    used 3835K, capacity 3934K, committed 3968K, reserved 1048576K
Event: 18.956 GC heap after
Heap after GC invocations=21 (full 3):
 def new generation   total 8576K, used 392K [0x00000000e8000000, 0x00000000e8940000, 0x00000000f0000000)
  eden space 7680K,   0% used [0x00000000e8000000, 0x00000000e8000000, 0x00000000e8780000)
  from space 896K,  43% used [0x00000000e8860000, 0x00000000e88c2020, 0x00000000e8940000)
  to   space 896K,   0% used [0x00000000e8780000, 0x00000000e8780000, 0x00000000e8860000)
 tenured generation   total 18816K, used 14167K [0x00000000f0000000, 0x00000000f1260000, 0x0000000100000000)
   the space 18816K,  75% used [0x00000000f0000000, 0x00000000f0dd5e80, 0x00000000f0dd6000, 0x00000000f1260000)
 Metaspace       used 30468K, capacity 30804K, committed 31104K, reserved 1077248K
  class space    used 3835K, capacity 3934K, committed 3968K, reserved 1048576K
}
Event: 37.296 GC heap before
{Heap before GC invocations=21 (full 3):
 def new generation   total 8576K, used 8072K [0x00000000e8000000, 0x00000000e8940000, 0x00000000f0000000)
  eden space 7680K, 100% used [0x00000000e8000000, 0x00000000e8780000, 0x00000000e8780000)
  from space 896K,  43% used [0x00000000e8860000, 0x00000000e88c2020, 0x00000000e8940000)
  to   space 896K,   0% used [0x00000000e8780000, 0x00000000e8780000, 0x00000000e8860000)
 tenured generation   total 18816K, used 14167K [0x00000000f0000000, 0x00000000f1260000, 0x0000000100000000)
   the space 18816K,  75% used [0x00000000f0000000, 0x00000000f0dd5e80, 0x00000000f0dd6000, 0x00000000f1260000)
 Metaspace       used 31210K, capacity 31482K, committed 31872K, reserved 1077248K
  class space    used 3888K, capacity 3967K, committed 3968K, reserved 1048576K
Event: 37.300 GC heap after
Heap after GC invocations=22 (full 3):
 def new generation   total 8576K, used 668K [0x00000000e8000000, 0x00000000e8940000, 0x00000000f0000000)
  eden space 7680K,   0% used [0x00000000e8000000, 0x00000000e8000000, 0x00000000e8780000)
  from space 896K,  74% used [0x00000000e8780000, 0x00000000e8827298, 0x00000000e8860000)
  to   space 896K,   0% used [0x00000000e8860000, 0x00000000e8860000, 0x00000000e8940000)
 tenured generation   total 18816K, used 14167K [0x00000000f0000000, 0x00000000f1260000, 0x0000000100000000)
   the space 18816K,  75% used [0x00000000f0000000, 0x00000000f0dd5e80, 0x00000000f0dd6000, 0x00000000f1260000)
 Metaspace       used 31210K, capacity 31482K, committed 31872K, reserved 1077248K
  class space    used 3888K, capacity 3967K, committed 3968K, reserved 1048576K
}
Event: 79.499 GC heap before
{Heap before GC invocations=22 (full 3):
 def new generation   total 8576K, used 8348K [0x00000000e8000000, 0x00000000e8940000, 0x00000000f0000000)
  eden space 7680K, 100% used [0x00000000e8000000, 0x00000000e8780000, 0x00000000e8780000)
  from space 896K,  74% used [0x00000000e8780000, 0x00000000e8827298, 0x00000000e8860000)
  to   space 896K,   0% used [0x00000000e8860000, 0x00000000e8860000, 0x00000000e8940000)
 tenured generation   total 18816K, used 14167K [0x00000000f0000000, 0x00000000f1260000, 0x0000000100000000)
   the space 18816K,  75% used [0x00000000f0000000, 0x00000000f0dd5e80, 0x00000000f0dd6000, 0x00000000f1260000)
 Metaspace       used 31802K, capacity 32032K, committed 32512K, reserved 1077248K
  class space    used 3922K, capacity 4000K, committed 4096K, reserved 1048576K
Event: 79.503 GC heap after
Heap after GC invocations=23 (full 3):
 def new generation   total 8576K, used 694K [0x00000000e8000000, 0x00000000e8940000, 0x00000000f0000000)
  eden space 7680K,   0% used [0x00000000e8000000, 0x00000000e8000000, 0x00000000e8780000)
  from space 896K,  77% used [0x00000000e8860000, 0x00000000e890d870, 0x00000000e8940000)
  to   space 896K,   0% used [0x00000000e8780000, 0x00000000e8780000, 0x00000000e8860000)
 tenured generation   total 18816K, used 14499K [0x00000000f0000000, 0x00000000f1260000, 0x0000000100000000)
   the space 18816K,  77% used [0x00000000f0000000, 0x00000000f0e28c70, 0x00000000f0e28e00, 0x00000000f1260000)
 Metaspace       used 31802K, capacity 32032K, committed 32512K, reserved 1077248K
  class space    used 3922K, capacity 4000K, committed 4096K, reserved 1048576K
}

Deoptimization events (10 events):
Event: 63.609 Thread 0x00000000541c6000 Uncommon trap: reason=class_check action=maybe_recompile pc=0x00000000033aafa0 method=java.awt.Container.getMouseEventTargetImpl(IIZLjava/awt/Container$EventTargetFilter;ZZ)Ljava/awt/Component; @ 191
Event: 74.018 Thread 0x00000000541c6000 Uncommon trap: reason=unstable_if action=reinterpret pc=0x0000000002c50a98 method=java.util.concurrent.ConcurrentHashMap.get(Ljava/lang/Object;)Ljava/lang/Object; @ 152
Event: 74.018 Thread 0x00000000541c6000 Uncommon trap: reason=class_check action=maybe_recompile pc=0x0000000002fdb5d8 method=java.util.concurrent.ConcurrentHashMap.putVal(Ljava/lang/Object;Ljava/lang/Object;Z)Ljava/lang/Object; @ 192
Event: 74.022 Thread 0x00000000541c6000 Uncommon trap: reason=class_check action=maybe_recompile pc=0x0000000002fdb5d8 method=java.util.concurrent.ConcurrentHashMap.putVal(Ljava/lang/Object;Ljava/lang/Object;Z)Ljava/lang/Object; @ 192
Event: 76.495 Thread 0x00000000541c6000 Uncommon trap: reason=unstable_if action=reinterpret pc=0x000000000343d26c method=sun.java2d.pipe.Region.getIntersectionXYXY(IIII)Lsun/java2d/pipe/Region; @ 39
Event: 81.860 Thread 0x00000000541c6000 Uncommon trap: reason=class_check action=maybe_recompile pc=0x00000000033aafa0 method=java.awt.Container.getMouseEventTargetImpl(IIZLjava/awt/Container$EventTargetFilter;ZZ)Ljava/awt/Component; @ 191
Event: 106.799 Thread 0x00000000541c6000 Uncommon trap: reason=unstable_if action=reinterpret pc=0x0000000003454b10 method=java.awt.EventDispatchThread$HierarchyEventFilter.acceptEvent(Ljava/awt/AWTEvent;)Ljava/awt/EventFilter$FilterAction; @ 16
Event: 106.800 Thread 0x00000000541c6000 Uncommon trap: reason=unstable_if action=reinterpret pc=0x000000000344eda0 method=java.awt.EventDispatchThread$HierarchyEventFilter.acceptEvent(Ljava/awt/AWTEvent;)Ljava/awt/EventFilter$FilterAction; @ 16
Event: 111.831 Thread 0x00000000541c6000 Uncommon trap: reason=class_check action=maybe_recompile pc=0x00000000033aafa0 method=java.awt.Container.getMouseEventTargetImpl(IIZLjava/awt/Container$EventTargetFilter;ZZ)Ljava/awt/Component; @ 191
Event: 111.847 Thread 0x00000000541c6000 Uncommon trap: reason=class_check action=maybe_recompile pc=0x00000000033aafa0 method=java.awt.Container.getMouseEventTargetImpl(IIZLjava/awt/Container$EventTargetFilter;ZZ)Ljava/awt/Component; @ 191

Internal exceptions (10 events):
Event: 0.396 Thread 0x0000000002064800 Exception <a 'java/lang/NoSuchFieldError': method resolution failed> (0x00000000e84650d0) thrown at [D:\re\puppet\workspace\8-2-build-windows-amd64-cygwin\jdk8u73\6086\hotspot\src\share\vm\prims\methodHandles.cpp, line 1146]
Event: 0.402 Thread 0x0000000002064800 Exception <a 'java/lang/NoSuchFieldError': method resolution failed> (0x00000000e84724a0) thrown at [D:\re\puppet\workspace\8-2-build-windows-amd64-cygwin\jdk8u73\6086\hotspot\src\share\vm\prims\methodHandles.cpp, line 1146]
Event: 0.446 Thread 0x0000000002064800 Exception <a 'java/io/FileNotFoundException'> (0x00000000e85145d0) thrown at [D:\re\puppet\workspace\8-2-build-windows-amd64-cygwin\jdk8u73\6086\hotspot\src\share\vm\prims\jni.cpp, line 709]
Event: 2.229 Thread 0x0000000002064800 Exception <a 'java/lang/ArrayIndexOutOfBoundsException': 26721> (0x00000000e8288e98) thrown at [D:\re\puppet\workspace\8-2-build-windows-amd64-cygwin\jdk8u73\6086\hotspot\src\share\vm\interpreter\interpreterRuntime.cpp, line 366]
Event: 2.695 Thread 0x0000000002064800 Exception <a 'java/lang/NoClassDefFoundError': javax/validation/Validation> (0x00000000e82f98b8) thrown at [D:\re\puppet\workspace\8-2-build-windows-amd64-cygwin\jdk8u73\6086\hotspot\src\share\vm\classfile\systemDictionary.cpp, line 199]
Event: 19.005 Thread 0x00000000541c6000 Exception <a 'java/lang/NullPointerException'> (0x00000000e80ab978) thrown at [D:\re\puppet\workspace\8-2-build-windows-amd64-cygwin\jdk8u73\6086\hotspot\src\share\vm\prims\jvm.cpp, line 1390]
Event: 19.005 Thread 0x00000000541c6000 Exception <a 'java/lang/NullPointerException'> (0x00000000e80ab978) thrown at [D:\re\puppet\workspace\8-2-build-windows-amd64-cygwin\jdk8u73\6086\hotspot\src\share\vm\prims\jvm.cpp, line 1390]
Event: 40.808 Thread 0x00000000541c6000 Implicit null exception at 0x0000000003311bb0 to 0x0000000003316be1
Event: 74.027 Thread 0x00000000541c6000 Exception <a 'java/lang/NullPointerException'> (0x00000000e8592e60) thrown at [D:\re\puppet\workspace\8-2-build-windows-amd64-cygwin\jdk8u73\6086\hotspot\src\share\vm\prims\jvm.cpp, line 1390]
Event: 74.027 Thread 0x00000000541c6000 Exception <a 'java/lang/NullPointerException'> (0x00000000e8592e60) thrown at [D:\re\puppet\workspace\8-2-build-windows-amd64-cygwin\jdk8u73\6086\hotspot\src\share\vm\prims\jvm.cpp, line 1390]

Events (10 events):
Event: 216.391 Thread 0x0000000052ca7000 flushing nmethod 0x00000000030e1c50
Event: 217.391 Thread 0x0000000052ca7000 flushing nmethod 0x000000000311b0d0
Event: 217.391 Thread 0x0000000052ca7000 flushing nmethod 0x0000000003153bd0
Event: 217.391 Thread 0x0000000052ca7000 flushing nmethod 0x0000000003156110
Event: 217.391 Thread 0x0000000052ca7000 flushing nmethod 0x000000000315fb90
Event: 217.391 Thread 0x0000000052ca7000 flushing nmethod 0x0000000003189e10
Event: 217.391 Thread 0x0000000052ca7000 flushing nmethod 0x00000000031a5ed0
Event: 218.394 Thread 0x0000000052ca7000 flushing nmethod 0x0000000003249b90
Event: 221.391 Thread 0x0000000052ca7000 flushing nmethod 0x0000000003297f50
Event: 221.391 Thread 0x0000000052ca7000 flushing nmethod 0x0000000003303710


Dynamic libraries:
0x000000013fc70000 - 0x000000013fca7000 	C:\Program Files\Java\jdk1.8.0_73\jre\bin\java.exe
0x0000000076fe0000 - 0x0000000077189000 	C:\Windows\SYSTEM32\ntdll.dll
0x0000000076ec0000 - 0x0000000076fdf000 	C:\Windows\system32\kernel32.dll
0x000007fefd1b0000 - 0x000007fefd21b000 	C:\Windows\system32\KERNELBASE.dll
0x000007fefd5a0000 - 0x000007fefd67b000 	C:\Windows\system32\ADVAPI32.dll
0x000007feff1f0000 - 0x000007feff28f000 	C:\Windows\system32\msvcrt.dll
0x000007feff130000 - 0x000007feff14f000 	C:\Windows\SYSTEM32\sechost.dll
0x000007fefdba0000 - 0x000007fefdccd000 	C:\Windows\system32\RPCRT4.dll
0x0000000076dc0000 - 0x0000000076eba000 	C:\Windows\system32\USER32.dll
0x000007feff180000 - 0x000007feff1e7000 	C:\Windows\system32\GDI32.dll
0x000007fefda40000 - 0x000007fefda4e000 	C:\Windows\system32\LPK.dll
0x000007fefdad0000 - 0x000007fefdb99000 	C:\Windows\system32\USP10.dll
0x000007fefb950000 - 0x000007fefbb44000 	C:\Windows\WinSxS\amd64_microsoft.windows.common-controls_6595b64144ccf1df_6.0.7601.17514_none_fa396087175ac9ac\COMCTL32.dll
0x000007fefda50000 - 0x000007fefdac1000 	C:\Windows\system32\SHLWAPI.dll
0x000007feff150000 - 0x000007feff17e000 	C:\Windows\system32\IMM32.DLL
0x000007fefd680000 - 0x000007fefd789000 	C:\Windows\system32\MSCTF.dll
0x0000000074800000 - 0x00000000748d2000 	C:\Program Files\Java\jdk1.8.0_73\jre\bin\msvcr100.dll
0x0000000071ba0000 - 0x0000000072430000 	C:\Program Files\Java\jdk1.8.0_73\jre\bin\server\jvm.dll
0x000007fefa7b0000 - 0x000007fefa7b9000 	C:\Windows\system32\WSOCK32.dll
0x000007feff2a0000 - 0x000007feff2ed000 	C:\Windows\system32\WS2_32.dll
0x000007feff290000 - 0x000007feff298000 	C:\Windows\system32\NSI.dll
0x000007fefb080000 - 0x000007fefb0bb000 	C:\Windows\system32\WINMM.dll
0x000007fefc210000 - 0x000007fefc21c000 	C:\Windows\system32\VERSION.dll
0x00000000771b0000 - 0x00000000771b7000 	C:\Windows\system32\PSAPI.DLL
0x00000000747c0000 - 0x00000000747f9000 	C:\Program Files\Java\jdk1.8.0_73\jre\bin\splashscreen.dll
0x0000000074b50000 - 0x0000000074b5f000 	C:\Program Files\Java\jdk1.8.0_73\jre\bin\verify.dll
0x0000000074790000 - 0x00000000747b9000 	C:\Program Files\Java\jdk1.8.0_73\jre\bin\java.dll
0x0000000074770000 - 0x0000000074786000 	C:\Program Files\Java\jdk1.8.0_73\jre\bin\zip.dll
0x000007fefdcd0000 - 0x000007fefded3000 	C:\Windows\system32\ole32.dll
0x000007fefce20000 - 0x000007fefce2f000 	C:\Windows\system32\CRYPTBASE.dll
0x000007fefe140000 - 0x000007fefeec8000 	C:\Windows\system32\SHELL32.dll
0x000007fefcef0000 - 0x000007fefceff000 	C:\Windows\system32\profapi.dll
0x0000000074590000 - 0x0000000074728000 	C:\Program Files\Java\jdk1.8.0_73\jre\bin\awt.dll
0x000007fefd300000 - 0x000007fefd3d7000 	C:\Windows\system32\OLEAUT32.dll
0x000007fefad30000 - 0x000007fefad48000 	C:\Windows\system32\DWMAPI.DLL
0x0000000074540000 - 0x0000000074587000 	C:\Program Files\Java\jdk1.8.0_73\jre\bin\fontmanager.dll
0x0000000074750000 - 0x000000007476a000 	C:\Program Files\Java\jdk1.8.0_73\jre\bin\net.dll
0x000007fefc760000 - 0x000007fefc7b5000 	C:\Windows\system32\mswsock.dll
0x000007fefc750000 - 0x000007fefc757000 	C:\Windows\System32\wship6.dll
0x0000000074730000 - 0x0000000074741000 	C:\Program Files\Java\jdk1.8.0_73\jre\bin\nio.dll
0x00000000744f0000 - 0x0000000074532000 	C:\Program Files\Java\jdk1.8.0_73\jre\bin\t2k.dll
0x0000000074490000 - 0x00000000744b4000 	C:\Program Files\Java\jdk1.8.0_73\jre\bin\sunec.dll
0x000007fefb640000 - 0x000007fefb655000 	C:\Windows\system32\NLAapi.dll
0x000007fef8050000 - 0x000007fef8065000 	C:\Windows\system32\napinsp.dll
0x000007fef8010000 - 0x000007fef8029000 	C:\Windows\system32\pnrpnsp.dll
0x000007fefc5e0000 - 0x000007fefc63b000 	C:\Windows\system32\DNSAPI.dll
0x000007fef8000000 - 0x000007fef800b000 	C:\Windows\System32\winrnr.dll
0x000007fefc0e0000 - 0x000007fefc0e7000 	C:\Windows\System32\wshtcpip.dll
0x000007fefc1e0000 - 0x000007fefc207000 	C:\Windows\system32\IPHLPAPI.DLL
0x000007fefc1d0000 - 0x000007fefc1db000 	C:\Windows\system32\WINNSI.DLL
0x000007fef8380000 - 0x000007fef8388000 	C:\Windows\system32\rasadhlp.dll
0x000007fefab80000 - 0x000007fefabd3000 	C:\Windows\System32\fwpuclnt.dll
0x000007fefd3e0000 - 0x000007fefd479000 	C:\Windows\system32\CLBCatQ.DLL
0x000007fefa650000 - 0x000007fefa77a000 	C:\Windows\system32\WindowsCodecs.dll
0x000007fefcdc0000 - 0x000007fefce17000 	C:\Windows\system32\apphelp.dll
0x0000000074c20000 - 0x0000000074c40000 	C:\Program Files\Common Files\TortoiseOverlays\TortoiseOverlays.dll
0x0000000074c00000 - 0x0000000074c1b000 	C:\Program Files\TortoiseGit\bin\TortoiseGitStub.dll
0x0000000074b70000 - 0x0000000074c00000 	C:\Program Files\TortoiseGit\bin\TortoiseGit.dll
0x000007fef9e40000 - 0x000007fef9f2a000 	C:\Program Files\TortoiseGit\bin\libgit2_tgit.dll
0x000007fefd020000 - 0x000007fefd187000 	C:\Windows\system32\CRYPT32.dll
0x000007fefcfd0000 - 0x000007fefcfdf000 	C:\Windows\system32\MSASN1.dll
0x000007fef97b0000 - 0x000007fef9821000 	C:\Windows\system32\WINHTTP.dll
0x000007fef96f0000 - 0x000007fef9754000 	C:\Windows\system32\webio.dll
0x000007fefbb50000 - 0x000007fefbb68000 	C:\Program Files\TortoiseGit\bin\zlib1_tgit.dll
0x000007fef5390000 - 0x000007fef547f000 	C:\Windows\system32\MSVCR120.dll
0x000007fef52a0000 - 0x000007fef538a000 	C:\Program Files\TortoiseGit\bin\gitdll.dll
0x000007fef51f0000 - 0x000007fef5296000 	C:\Windows\system32\MSVCP120.dll
0x000007fefb660000 - 0x000007fefb6b6000 	C:\Windows\system32\UxTheme.dll
0x000007fefc7c0000 - 0x000007fefc7d7000 	C:\Windows\system32\CRYPTSP.dll
0x000007fefc4c0000 - 0x000007fefc507000 	C:\Windows\system32\rsaenh.dll
0x000007fefaf20000 - 0x000007fefaf31000 	C:\Program Files\TortoiseGit\bin\crshhndl.dll
0x000007fef5a50000 - 0x000007fef5aa6000 	C:\Users\Administrador\AppData\Local\Microsoft\OneDrive\17.3.4604.0120\amd64\FileSyncShell64.dll
0x000007fef5140000 - 0x000007fef51e7000 	C:\Users\Administrador\AppData\Local\Microsoft\OneDrive\17.3.4604.0120\amd64\MSVCP110.dll
0x000007fef4fa0000 - 0x000007fef506e000 	C:\Users\Administrador\AppData\Local\Microsoft\OneDrive\17.3.4604.0120\amd64\MSVCR110.dll
0x000007fefd790000 - 0x000007fefd8ba000 	C:\Windows\system32\WININET.dll
0x000007fefd8c0000 - 0x000007fefda38000 	C:\Windows\system32\urlmon.dll
0x000007fefeed0000 - 0x000007feff129000 	C:\Windows\system32\iertutil.dll
0x000007fefada0000 - 0x000007fefadd5000 	C:\Windows\system32\EhStorShell.dll
0x000007fefdf60000 - 0x000007fefe137000 	C:\Windows\system32\SETUPAPI.dll
0x000007fefcfe0000 - 0x000007fefd016000 	C:\Windows\system32\CFGMGR32.dll
0x000007fefd190000 - 0x000007fefd1aa000 	C:\Windows\system32\DEVOBJ.dll
0x000007fefb6c0000 - 0x000007fefb7ec000 	C:\Windows\system32\PROPSYS.dll
0x00000000744c0000 - 0x00000000744ea000 	C:\Program Files\Java\jdk1.8.0_73\jre\bin\dcpr.dll

VM Arguments:
jvm_args: -Dfile.encoding=UTF-8 
java_command: siscafe.SISCAFE
java_class_path (initial): C:\Users\Administrador\Desktop\SISCAFE\lib\eclipselink\eclipselink.jar;C:\Users\Administrador\Desktop\SISCAFE\lib\eclipselink\javax.persistence_2.1.0.v201304241213.jar;C:\Users\Administrador\Desktop\SISCAFE\lib\eclipselink\org.eclipse.persistence.jpa.jpql_2.5.2.v20140319-9ad6abd.jar;C:\Users\Administrador\Desktop\SISCAFE\lib\mysql-connector-java-5.0.8-bin.jar;C:\Users\Administrador\Desktop\SISCAFE\lib\RXTXcomm.jar;C:\Users\Administrador\Desktop\SISCAFE\lib\swingx-all-1.6.3.jar;C:\Users\Administrador\Desktop\SISCAFE\lib\jPDFViewer.jar;C:\Users\Administrador\Desktop\SISCAFE\lib\org.mozilla.javascript-1.7.2.jar;C:\Users\Administrador\Desktop\SISCAFE\lib\itextpdf-5.1.0.jar;C:\Users\Administrador\Desktop\SISCAFE\lib\jasperreports-6.2.2.jar;C:\Users\Administrador\Desktop\SISCAFE\lib\org-apache-commons-logging.jar;C:\Users\Administrador\Desktop\SISCAFE\lib\apache-commons.jar;C:\Users\Administrador\Desktop\SISCAFE\lib\commons-digester-2.1.jar;C:\Users\Administrador\Desktop\SISCAFE\lib\com.lowagie.text-2.1.7.jar;C:\Users\Administrador\Desktop\SISCAFE\lib\barcode4j.jar;C:\Users\Administrador\Desktop\SISCAFE\lib\w3c.jar;C:\Users\Administrador\Desktop\SISCAFE\lib\batik-all.jar;C:\Users\Administrador\Desktop\SISCAFE\build\classes
Launcher Type: SUN_STANDARD

Environment Variables:
PATH=C:\ProgramData\Oracle\Java\javapath;C:\Windows\system32;C:\Windows;C:\Windows\System32\Wbem;C:\Windows\System32\WindowsPowerShell\v1.0\;C:\Program Files\TortoiseGit\bin;C:\Program Files (x86)\Google\Google Apps Sync\;C:\Program Files (x86)\Google\Google Apps Migration\;C:\Program Files (x86)\Skype\Phone\; C:\Program Files (x86)\Java\jre1.8.0_91\bin\;C:\Program Files\Java\jre1.8.0_91\bin\
USERNAME=Administrador
OS=Windows_NT
PROCESSOR_IDENTIFIER=Intel64 Family 6 Model 69 Stepping 1, GenuineIntel



---------------  S Y S T E M  ---------------

OS: Windows 7 , 64 bit Build 7601 (6.1.7601.17514)

CPU:total 2 (2 cores per cpu, 1 threads per core) family 6 model 69 stepping 1, cmov, cx8, fxsr, mmx, sse, sse2, sse3, ssse3, sse4.1, sse4.2, popcnt, avx, aes, clmul, lzcnt, tsc, tscinvbit

Memory: 4k page, physical 1572408k(268116k free), swap 3718692k(1120k free)

vm_info: Java HotSpot(TM) 64-Bit Server VM (25.73-b02) for windows-amd64 JRE (1.8.0_73-b02), built on Jan 29 2016 17:38:49 by "java_re" with MS VC++ 10.0 (VS2010)

time: Wed Jun 29 11:56:24 2016
elapsed time: 487 seconds (0d 0h 8m 7s)

